<?xml version="1.0" encoding="UTF-8"?><testrun name="CustomerControllerTest" project="AppClientes" tests="5" started="5" failures="1" errors="0" ignored="0">
  <testsuite name="br.com.plgs.AppClientes.controller.CustomerControllerTest" time="0.524" displayname="CustomerControllerTest" uniqueid="[engine:junit-jupiter]/[class:br.com.plgs.AppClientes.controller.CustomerControllerTest]">
    <testcase name="testFindById" classname="br.com.plgs.AppClientes.controller.CustomerControllerTest" time="0.287" displayname="testFindById()" uniqueid="[engine:junit-jupiter]/[class:br.com.plgs.AppClientes.controller.CustomerControllerTest]/[method:testFindById()]"/>
    <testcase name="testUpdateCustomer" classname="br.com.plgs.AppClientes.controller.CustomerControllerTest" time="0.166" displayname="testUpdateCustomer()" uniqueid="[engine:junit-jupiter]/[class:br.com.plgs.AppClientes.controller.CustomerControllerTest]/[method:testUpdateCustomer()]">
      <failure>java.lang.AssertionError: JSON path "$.address.address" expected:&lt;Rua Nova&gt; but was:&lt;Rua Teste&gt;&#13;
	at org.springframework.test.util.AssertionErrors.fail(AssertionErrors.java:59)&#13;
	at org.springframework.test.util.AssertionErrors.assertEquals(AssertionErrors.java:122)&#13;
	at org.springframework.test.util.JsonPathExpectationsHelper.assertValue(JsonPathExpectationsHelper.java:123)&#13;
	at org.springframework.test.web.servlet.result.JsonPathResultMatchers.lambda$value$2(JsonPathResultMatchers.java:111)&#13;
	at org.springframework.test.web.servlet.MockMvc$1.andExpect(MockMvc.java:214)&#13;
	at br.com.plgs.AppClientes.controller.CustomerControllerTest.testUpdateCustomer(CustomerControllerTest.java:151)&#13;
	at java.base/java.lang.reflect.Method.invoke(Method.java:568)&#13;
	at java.base/java.util.ArrayList.forEach(ArrayList.java:1511)&#13;
	at java.base/java.util.ArrayList.forEach(ArrayList.java:1511)&#13;
&#13;
</failure>
    </testcase>
    <testcase name="testSaveCustomer" classname="br.com.plgs.AppClientes.controller.CustomerControllerTest" time="0.026" displayname="testSaveCustomer()" uniqueid="[engine:junit-jupiter]/[class:br.com.plgs.AppClientes.controller.CustomerControllerTest]/[method:testSaveCustomer()]"/>
    <testcase name="testDeleteCustomer" classname="br.com.plgs.AppClientes.controller.CustomerControllerTest" time="0.02" displayname="testDeleteCustomer()" uniqueid="[engine:junit-jupiter]/[class:br.com.plgs.AppClientes.controller.CustomerControllerTest]/[method:testDeleteCustomer()]"/>
    <testcase name="testFindAllCustomers" classname="br.com.plgs.AppClientes.controller.CustomerControllerTest" time="0.017" displayname="testFindAllCustomers()" uniqueid="[engine:junit-jupiter]/[class:br.com.plgs.AppClientes.controller.CustomerControllerTest]/[method:testFindAllCustomers()]"/>
  </testsuite>
</testrun>
